0 info it worked if it ends with ok
1 verbose cli [ '/usr/bin/node', '/usr/bin/npm', 'install' ]
2 info using npm@3.5.2
3 info using node@v8.10.0
4 silly loadCurrentTree Starting
5 silly install loadCurrentTree
6 silly install readLocalPackageData
7 silly install normalizeTree
8 silly loadCurrentTree Finishing
9 silly loadIdealTree Starting
10 silly install loadIdealTree
11 silly cloneCurrentTree Starting
12 silly install cloneCurrentTreeToIdealTree
13 silly cloneCurrentTree Finishing
14 silly loadShrinkwrap Starting
15 silly install loadShrinkwrap
16 silly loadShrinkwrap Finishing
17 silly loadAllDepsIntoIdealTree Starting
18 silly install loadAllDepsIntoIdealTree
19 silly fetchNamedPackageData axios
20 silly mapToRegistry name axios
21 silly mapToRegistry using default registry
22 silly mapToRegistry registry https://registry.npmjs.org/
23 silly mapToRegistry uri https://registry.npmjs.org/axios
24 silly fetchNamedPackageData react
25 silly mapToRegistry name react
26 silly mapToRegistry using default registry
27 silly mapToRegistry registry https://registry.npmjs.org/
28 silly mapToRegistry uri https://registry.npmjs.org/react
29 silly fetchNamedPackageData react-dom
30 silly mapToRegistry name react-dom
31 silly mapToRegistry using default registry
32 silly mapToRegistry registry https://registry.npmjs.org/
33 silly mapToRegistry uri https://registry.npmjs.org/react-dom
34 silly fetchNamedPackageData react-google-charts
35 silly mapToRegistry name react-google-charts
36 silly mapToRegistry using default registry
37 silly mapToRegistry registry https://registry.npmjs.org/
38 silly mapToRegistry uri https://registry.npmjs.org/react-google-charts
39 silly fetchNamedPackageData react-scripts
40 silly mapToRegistry name react-scripts
41 silly mapToRegistry using default registry
42 silly mapToRegistry registry https://registry.npmjs.org/
43 silly mapToRegistry uri https://registry.npmjs.org/react-scripts
44 verbose request uri https://registry.npmjs.org/axios
45 verbose request no auth needed
46 info attempt registry request try #1 at 8:58:56
47 verbose request id 27e027cce613cbd4
48 verbose etag W/"2be58ca0b466323e877c797d8980c573"
49 verbose lastModified Thu, 23 Jan 2020 06:45:58 GMT
50 http request GET https://registry.npmjs.org/axios
51 verbose request uri https://registry.npmjs.org/react-google-charts
52 verbose request no auth needed
53 info attempt registry request try #1 at 8:58:56
54 verbose etag W/"990280b36c2e1bf205e92a363d14d924"
55 verbose lastModified Fri, 30 Aug 2019 16:03:47 GMT
56 http request GET https://registry.npmjs.org/react-google-charts
57 verbose request uri https://registry.npmjs.org/react
58 verbose request no auth needed
59 info attempt registry request try #1 at 8:58:56
60 verbose etag W/"14ef61d0345858424d166a652a55d3cc"
61 verbose lastModified Thu, 19 Mar 2020 19:53:17 GMT
62 http request GET https://registry.npmjs.org/react
63 verbose request uri https://registry.npmjs.org/react-scripts
64 verbose request no auth needed
65 info attempt registry request try #1 at 8:58:56
66 verbose etag W/"3cc0a43c0ba69911f1a2274287f07114"
67 verbose lastModified Sat, 21 Mar 2020 00:00:34 GMT
68 http request GET https://registry.npmjs.org/react-scripts
69 verbose request uri https://registry.npmjs.org/react-dom
70 verbose request no auth needed
71 info attempt registry request try #1 at 8:58:56
72 verbose etag W/"6e65e91c1e4f8cdb335db200ef1edc1b"
73 verbose lastModified Thu, 19 Mar 2020 19:53:28 GMT
74 http request GET https://registry.npmjs.org/react-dom
75 http 304 https://registry.npmjs.org/react-google-charts
76 verbose headers { date: 'Tue, 24 Mar 2020 07:58:56 GMT',
76 verbose headers   connection: 'keep-alive',
76 verbose headers   'set-cookie':
76 verbose headers    [ '__cfduid=d7fbf695aa6496c869b1d9b8a68f7fc561585036736; expires=Thu, 23-Apr-20 07:58:56 GMT; path=/; domain=.npmjs.org; HttpOnly; SameSite=Lax' ],
76 verbose headers   'cf-ray': '578ed995b9fc613d-BCN',
76 verbose headers   age: '16',
76 verbose headers   'cache-control': 'public, max-age=300',
76 verbose headers   etag: '"990280b36c2e1bf205e92a363d14d924"',
76 verbose headers   'last-modified': 'Fri, 30 Aug 2019 16:03:47 GMT',
76 verbose headers   vary: 'Accept-Encoding',
76 verbose headers   'cf-cache-status': 'HIT',
76 verbose headers   'expect-ct': 'max-age=604800, report-uri="https://report-uri.cloudflare.com/cdn-cgi/beacon/expect-ct"',
76 verbose headers   server: 'cloudflare' }
77 silly get cb [ 304,
77 silly get   { date: 'Tue, 24 Mar 2020 07:58:56 GMT',
77 silly get     connection: 'keep-alive',
77 silly get     'set-cookie':
77 silly get      [ '__cfduid=d7fbf695aa6496c869b1d9b8a68f7fc561585036736; expires=Thu, 23-Apr-20 07:58:56 GMT; path=/; domain=.npmjs.org; HttpOnly; SameSite=Lax' ],
77 silly get     'cf-ray': '578ed995b9fc613d-BCN',
77 silly get     age: '16',
77 silly get     'cache-control': 'public, max-age=300',
77 silly get     etag: '"990280b36c2e1bf205e92a363d14d924"',
77 silly get     'last-modified': 'Fri, 30 Aug 2019 16:03:47 GMT',
77 silly get     vary: 'Accept-Encoding',
77 silly get     'cf-cache-status': 'HIT',
77 silly get     'expect-ct': 'max-age=604800, report-uri="https://report-uri.cloudflare.com/cdn-cgi/beacon/expect-ct"',
77 silly get     server: 'cloudflare' } ]
78 verbose etag https://registry.npmjs.org/react-google-charts from cache
79 verbose get saving react-google-charts to /home/osboxes/.npm/registry.npmjs.org/react-google-charts/.cache.json
80 http 304 https://registry.npmjs.org/axios
81 verbose headers { date: 'Tue, 24 Mar 2020 07:58:56 GMT',
81 verbose headers   connection: 'keep-alive',
81 verbose headers   'set-cookie':
81 verbose headers    [ '__cfduid=d1e42c39b8a714060aec0ce831aed8a711585036736; expires=Thu, 23-Apr-20 07:58:56 GMT; path=/; domain=.npmjs.org; HttpOnly; SameSite=Lax' ],
81 verbose headers   'cf-ray': '578ed995bb4b61bb-BCN',
81 verbose headers   age: '4096',
81 verbose headers   'cache-control': 'public, max-age=300',
81 verbose headers   etag: '"2be58ca0b466323e877c797d8980c573"',
81 verbose headers   'last-modified': 'Thu, 23 Jan 2020 06:45:58 GMT',
81 verbose headers   vary: 'Accept-Encoding',
81 verbose headers   'cf-cache-status': 'HIT',
81 verbose headers   'expect-ct': 'max-age=604800, report-uri="https://report-uri.cloudflare.com/cdn-cgi/beacon/expect-ct"',
81 verbose headers   server: 'cloudflare' }
82 silly get cb [ 304,
82 silly get   { date: 'Tue, 24 Mar 2020 07:58:56 GMT',
82 silly get     connection: 'keep-alive',
82 silly get     'set-cookie':
82 silly get      [ '__cfduid=d1e42c39b8a714060aec0ce831aed8a711585036736; expires=Thu, 23-Apr-20 07:58:56 GMT; path=/; domain=.npmjs.org; HttpOnly; SameSite=Lax' ],
82 silly get     'cf-ray': '578ed995bb4b61bb-BCN',
82 silly get     age: '4096',
82 silly get     'cache-control': 'public, max-age=300',
82 silly get     etag: '"2be58ca0b466323e877c797d8980c573"',
82 silly get     'last-modified': 'Thu, 23 Jan 2020 06:45:58 GMT',
82 silly get     vary: 'Accept-Encoding',
82 silly get     'cf-cache-status': 'HIT',
82 silly get     'expect-ct': 'max-age=604800, report-uri="https://report-uri.cloudflare.com/cdn-cgi/beacon/expect-ct"',
82 silly get     server: 'cloudflare' } ]
83 verbose etag https://registry.npmjs.org/axios from cache
84 verbose get saving axios to /home/osboxes/.npm/registry.npmjs.org/axios/.cache.json
85 http 304 https://registry.npmjs.org/react-dom
86 verbose headers { date: 'Tue, 24 Mar 2020 07:58:56 GMT',
86 verbose headers   connection: 'keep-alive',
86 verbose headers   'set-cookie':
86 verbose headers    [ '__cfduid=d5a318be9e42a4a7f666b263ecd5637911585036736; expires=Thu, 23-Apr-20 07:58:56 GMT; path=/; domain=.npmjs.org; HttpOnly; SameSite=Lax' ],
86 verbose headers   'cf-ray': '578ed995ce0e614f-BCN',
86 verbose headers   age: '127',
86 verbose headers   'cache-control': 'public, max-age=300',
86 verbose headers   etag: '"6e65e91c1e4f8cdb335db200ef1edc1b"',
86 verbose headers   'last-modified': 'Thu, 19 Mar 2020 19:53:28 GMT',
86 verbose headers   vary: 'Accept-Encoding',
86 verbose headers   'cf-cache-status': 'HIT',
86 verbose headers   'expect-ct': 'max-age=604800, report-uri="https://report-uri.cloudflare.com/cdn-cgi/beacon/expect-ct"',
86 verbose headers   server: 'cloudflare' }
87 silly get cb [ 304,
87 silly get   { date: 'Tue, 24 Mar 2020 07:58:56 GMT',
87 silly get     connection: 'keep-alive',
87 silly get     'set-cookie':
87 silly get      [ '__cfduid=d5a318be9e42a4a7f666b263ecd5637911585036736; expires=Thu, 23-Apr-20 07:58:56 GMT; path=/; domain=.npmjs.org; HttpOnly; SameSite=Lax' ],
87 silly get     'cf-ray': '578ed995ce0e614f-BCN',
87 silly get     age: '127',
87 silly get     'cache-control': 'public, max-age=300',
87 silly get     etag: '"6e65e91c1e4f8cdb335db200ef1edc1b"',
87 silly get     'last-modified': 'Thu, 19 Mar 2020 19:53:28 GMT',
87 silly get     vary: 'Accept-Encoding',
87 silly get     'cf-cache-status': 'HIT',
87 silly get     'expect-ct': 'max-age=604800, report-uri="https://report-uri.cloudflare.com/cdn-cgi/beacon/expect-ct"',
87 silly get     server: 'cloudflare' } ]
88 verbose etag https://registry.npmjs.org/react-dom from cache
89 verbose get saving react-dom to /home/osboxes/.npm/registry.npmjs.org/react-dom/.cache.json
90 http 304 https://registry.npmjs.org/react
91 verbose headers { date: 'Tue, 24 Mar 2020 07:58:56 GMT',
91 verbose headers   connection: 'keep-alive',
91 verbose headers   'set-cookie':
91 verbose headers    [ '__cfduid=d5a318be9e42a4a7f666b263ecd5637911585036736; expires=Thu, 23-Apr-20 07:58:56 GMT; path=/; domain=.npmjs.org; HttpOnly; SameSite=Lax' ],
91 verbose headers   'cf-ray': '578ed995ce0f614f-BCN',
91 verbose headers   age: '1220',
91 verbose headers   'cache-control': 'public, max-age=300',
91 verbose headers   etag: '"14ef61d0345858424d166a652a55d3cc"',
91 verbose headers   'last-modified': 'Thu, 19 Mar 2020 19:53:17 GMT',
91 verbose headers   vary: 'Accept-Encoding',
91 verbose headers   'cf-cache-status': 'HIT',
91 verbose headers   'expect-ct': 'max-age=604800, report-uri="https://report-uri.cloudflare.com/cdn-cgi/beacon/expect-ct"',
91 verbose headers   server: 'cloudflare' }
92 silly get cb [ 304,
92 silly get   { date: 'Tue, 24 Mar 2020 07:58:56 GMT',
92 silly get     connection: 'keep-alive',
92 silly get     'set-cookie':
92 silly get      [ '__cfduid=d5a318be9e42a4a7f666b263ecd5637911585036736; expires=Thu, 23-Apr-20 07:58:56 GMT; path=/; domain=.npmjs.org; HttpOnly; SameSite=Lax' ],
92 silly get     'cf-ray': '578ed995ce0f614f-BCN',
92 silly get     age: '1220',
92 silly get     'cache-control': 'public, max-age=300',
92 silly get     etag: '"14ef61d0345858424d166a652a55d3cc"',
92 silly get     'last-modified': 'Thu, 19 Mar 2020 19:53:17 GMT',
92 silly get     vary: 'Accept-Encoding',
92 silly get     'cf-cache-status': 'HIT',
92 silly get     'expect-ct': 'max-age=604800, report-uri="https://report-uri.cloudflare.com/cdn-cgi/beacon/expect-ct"',
92 silly get     server: 'cloudflare' } ]
93 verbose etag https://registry.npmjs.org/react from cache
94 verbose get saving react to /home/osboxes/.npm/registry.npmjs.org/react/.cache.json
95 http 304 https://registry.npmjs.org/react-scripts
96 verbose headers { date: 'Tue, 24 Mar 2020 07:58:56 GMT',
96 verbose headers   connection: 'keep-alive',
96 verbose headers   'set-cookie':
96 verbose headers    [ '__cfduid=dd4657a0ca82dac43ed8e1a028ccc87a91585036736; expires=Thu, 23-Apr-20 07:58:56 GMT; path=/; domain=.npmjs.org; HttpOnly; SameSite=Lax' ],
96 verbose headers   'cf-ray': '578ed995ce1161a9-BCN',
96 verbose headers   age: '1820',
96 verbose headers   'cache-control': 'public, max-age=300',
96 verbose headers   etag: '"3cc0a43c0ba69911f1a2274287f07114"',
96 verbose headers   'last-modified': 'Sat, 21 Mar 2020 00:00:34 GMT',
96 verbose headers   vary: 'Accept-Encoding',
96 verbose headers   'cf-cache-status': 'HIT',
96 verbose headers   'expect-ct': 'max-age=604800, report-uri="https://report-uri.cloudflare.com/cdn-cgi/beacon/expect-ct"',
96 verbose headers   server: 'cloudflare' }
97 silly get cb [ 304,
97 silly get   { date: 'Tue, 24 Mar 2020 07:58:56 GMT',
97 silly get     connection: 'keep-alive',
97 silly get     'set-cookie':
97 silly get      [ '__cfduid=dd4657a0ca82dac43ed8e1a028ccc87a91585036736; expires=Thu, 23-Apr-20 07:58:56 GMT; path=/; domain=.npmjs.org; HttpOnly; SameSite=Lax' ],
97 silly get     'cf-ray': '578ed995ce1161a9-BCN',
97 silly get     age: '1820',
97 silly get     'cache-control': 'public, max-age=300',
97 silly get     etag: '"3cc0a43c0ba69911f1a2274287f07114"',
97 silly get     'last-modified': 'Sat, 21 Mar 2020 00:00:34 GMT',
97 silly get     vary: 'Accept-Encoding',
97 silly get     'cf-cache-status': 'HIT',
97 silly get     'expect-ct': 'max-age=604800, report-uri="https://report-uri.cloudflare.com/cdn-cgi/beacon/expect-ct"',
97 silly get     server: 'cloudflare' } ]
98 verbose etag https://registry.npmjs.org/react-scripts from cache
99 verbose get saving react-scripts to /home/osboxes/.npm/registry.npmjs.org/react-scripts/.cache.json
100 verbose stack Error: Missing required argument #1
100 verbose stack     at andLogAndFinish (/usr/share/npm/lib/fetch-package-metadata.js:31:3)
100 verbose stack     at fetchPackageMetadata (/usr/share/npm/lib/fetch-package-metadata.js:51:22)
100 verbose stack     at resolveWithNewModule (/usr/share/npm/lib/install/deps.js:456:12)
100 verbose stack     at /usr/share/npm/lib/install/deps.js:457:7
100 verbose stack     at /usr/share/npm/node_modules/iferr/index.js:13:50
100 verbose stack     at /usr/share/npm/lib/fetch-package-metadata.js:37:12
100 verbose stack     at addRequestedAndFinish (/usr/share/npm/lib/fetch-package-metadata.js:82:5)
100 verbose stack     at returnAndAddMetadata (/usr/share/npm/lib/fetch-package-metadata.js:117:7)
100 verbose stack     at pickVersionFromRegistryDocument (/usr/share/npm/lib/fetch-package-metadata.js:134:20)
100 verbose stack     at /usr/share/npm/node_modules/iferr/index.js:13:50
101 verbose cwd /home/osboxes/Documents/Projectes/axios
102 error Linux 5.0.0-37-generic
103 error argv "/usr/bin/node" "/usr/bin/npm" "install"
104 error node v8.10.0
105 error npm  v3.5.2
106 error code EMISSINGARG
107 error typeerror Error: Missing required argument #1
107 error typeerror     at andLogAndFinish (/usr/share/npm/lib/fetch-package-metadata.js:31:3)
107 error typeerror     at fetchPackageMetadata (/usr/share/npm/lib/fetch-package-metadata.js:51:22)
107 error typeerror     at resolveWithNewModule (/usr/share/npm/lib/install/deps.js:456:12)
107 error typeerror     at /usr/share/npm/lib/install/deps.js:457:7
107 error typeerror     at /usr/share/npm/node_modules/iferr/index.js:13:50
107 error typeerror     at /usr/share/npm/lib/fetch-package-metadata.js:37:12
107 error typeerror     at addRequestedAndFinish (/usr/share/npm/lib/fetch-package-metadata.js:82:5)
107 error typeerror     at returnAndAddMetadata (/usr/share/npm/lib/fetch-package-metadata.js:117:7)
107 error typeerror     at pickVersionFromRegistryDocument (/usr/share/npm/lib/fetch-package-metadata.js:134:20)
107 error typeerror     at /usr/share/npm/node_modules/iferr/index.js:13:50
108 error typeerror This is an error with npm itself. Please report this error at:
108 error typeerror     <http://github.com/npm/npm/issues>
109 verbose exit [ 1, true ]
