Arguments: 
  /usr/bin/node /usr/share/yarn/bin/yarn.js add react-google-charts@2

PATH: 
  /usr/local/sbin:/usr/local/bin:/usr/sbin:/usr/bin:/sbin:/bin:/usr/games:/usr/local/games:/snap/bin

Yarn version: 
  1.19.1

Node version: 
  8.10.0

Platform: 
  linux x64

Trace: 
  Error: EACCES: permission denied, rmdir '/home/osboxes/Documents/Projectes/axios/node_modules/.cache/babel-loader'

npm manifest: 
  {
    "name": "world-n-trips-front",
    "version": "0.1.0",
    "private": true,
    "dependencies": {
      "axios": "^0.19.2",
      "react": "^16.0.0",
      "react-dom": "^16.0.0",
      "react-scripts": "1.0.13"
    },
    "scripts": {
      "start": "react-scripts start",
      "build": "react-scripts build",
      "test": "react-scripts test --env=jsdom",
      "eject": "react-scripts eject"
    }
  }

yarn manifest: 
  No manifest

Lockfile: 
  No lockfile
